<?xml version="1.0" encoding="UTF-8"?>
<!-- Generated by org.testng.reporters.JUnitReportReporter -->
<testsuite hostname="DESKTOP-VIIR4TQ" failures="0" tests="1" name="pages.BaseClass" time="0.008" errors="0" timestamp="2022-11-15T19:21:13 IST" skipped="0">
  <testcase classname="pages.BaseClass" name="demo" time="0.008"/>
  <system-out/>
</testsuite> <!-- pages.BaseClass -->
